<?xml version="1.0" encoding="UTF-8"?>
<!-- Generated by org.testng.reporters.JUnitReportReporter -->
<testsuite name="org.automation.seleniumJenkins.Testcase_01" tests="1" time="16.910" ignored="0" failures="0" timestamp="31 Mar 2019 02:26:35 GMT" skipped="0" hostname="JesusChrist" errors="0">
  <testcase name="FBLogin" time="16.910" classname="org.automation.seleniumJenkins.Testcase_01"/>
</testsuite> <!-- org.automation.seleniumJenkins.Testcase_01 -->
