<?xml version="1.0" encoding="UTF-8"?>
<!-- Generated by org.testng.reporters.JUnitReportReporter -->
<testsuite name="org.automation.seleniumJenkins.Testcase_02" tests="1" time="17.268" ignored="0" failures="0" timestamp="31 Mar 2019 02:27:10 GMT" skipped="0" hostname="JesusChrist" errors="0">
  <testcase name="FBLogin" time="17.268" classname="org.automation.seleniumJenkins.Testcase_02"/>
</testsuite> <!-- org.automation.seleniumJenkins.Testcase_02 -->
